2025-02-19 00:18:11	INFO	::casa	
2025-02-19 00:18:11	INFO	::casa	data_update: version installed or checked less than 1 day ago, nothing updated or checked
2025-02-19 00:18:11	INFO	::casa	measures_update: version installed or checked less than 1 day ago, nothing updated or checked
2025-02-19 00:18:11	INFO	::casa	
2025-02-19 00:18:11	INFO	::casa	
2025-02-19 00:18:11	INFO	::casa	
2025-02-19 00:18:11	INFO	::casa	
2025-02-19 00:18:11	INFO	::casa	Python version 3.10.12
2025-02-19 00:18:11	INFO	::casa	CASA Version CASALITH 6.6.5.31
2025-02-19 00:18:12	INFO	::casa	optional configuration file not found, continuing CASA startup without it
2025-02-19 00:18:12	INFO	::casa	loaded config file : /home/jennifer/.local/lib/python3.10/site-packages/casaconfig/config.py
2025-02-19 00:18:12	INFO	::casa	
2025-02-19 00:18:12	INFO	::casa	config values
2025-02-19 00:18:12	INFO	::casa	    agg = False
2025-02-19 00:18:12	INFO	::casa	    cachedir = '/home/jennifer/.casa'
2025-02-19 00:18:12	INFO	::casa	    casaconfig_verbose = 1
2025-02-19 00:18:12	INFO	::casa	    colors = 'Neutral'
2025-02-19 00:18:12	INFO	::casa	    data_auto_update = True
2025-02-19 00:18:12	INFO	::casa	    datapath = ['/home/jennifer/.casa/data']
2025-02-19 00:18:12	INFO	::casa	    iplog = False
2025-02-19 00:18:12	INFO	::casa	    iplogfile = '/home/jennifer/Documentos/radio_analysis_uc1/ipython-20250219-001810.log'
2025-02-19 00:18:12	INFO	::casa	    log2term = False
2025-02-19 00:18:12	INFO	::casa	    logfile = '/home/jennifer/Documentos/radio_analysis_uc1/casa-20250219-001810.log'
2025-02-19 00:18:12	INFO	::casa	    measures_auto_update = True
2025-02-19 00:18:12	INFO	::casa	    measurespath = '/home/jennifer/.casa/data'
2025-02-19 00:18:12	INFO	::casa	    nogui = True
2025-02-19 00:18:12	INFO	::casa	    nologfile = False
2025-02-19 00:18:12	INFO	::casa	    nologger = True
2025-02-19 00:18:12	INFO	::casa	    pipeline = False
2025-02-19 00:18:12	INFO	::casa	    startupfile = '/home/jennifer/.casa/startup.py'
2025-02-19 00:18:12	INFO	::casa	    user_site = False
2025-02-19 00:18:12	INFO	::casa	
2025-02-19 00:18:12	INFO	::casa	casarundata version : casarundata-2025.01.22-1.tar.gz
2025-02-19 00:18:12	INFO	::casa	measures version : WSRT_Measures_20250218-160001.ztar
2025-02-19 00:18:12	INFO	::casa	
2025-02-19 00:18:12	INFO	::casa	Checking Measures tables in data repository sub-directory /home/jennifer/.casa/data/geodetic
2025-02-19 00:18:12	INFO	::casa	  IERSeop2000 (version date, last date in table (UTC)): 2025/01/18/15:15, 2024/12/19/00:00:00
2025-02-19 00:18:12	INFO	::casa	  IERSeop97 (version date, last date in table (UTC)): 2025/01/18/15:15, 2024/12/19/00:00:00
2025-02-19 00:18:12	INFO	::casa	  IERSpredict (version date, last date in table (UTC)): 2025/02/18/15:15, 2025/05/19/00:00:00
2025-02-19 00:18:12	INFO	::casa	  TAI_UTC (version date, last date in table (UTC)): 2025/02/04/15:15, 2017/01/01/00:00:00
