2025-02-18 22:57:31	INFO	::casa	
2025-02-18 22:57:31	INFO	::casa	data_update: version installed or checked less than 1 day ago, nothing updated or checked
2025-02-18 22:57:31	INFO	::casa	measures_update: version installed or checked less than 1 day ago, nothing updated or checked
2025-02-18 22:57:31	INFO	::casa	
2025-02-18 22:57:31	INFO	::casa	
2025-02-18 22:57:31	INFO	::casa	
2025-02-18 22:57:31	INFO	::casa	
2025-02-18 22:57:31	INFO	::casa	Python version 3.10.12
2025-02-18 22:57:31	INFO	::casa	CASA Version CASALITH 6.6.5.31
2025-02-18 22:57:31	INFO	::casa	optional configuration file not found, continuing CASA startup without it
2025-02-18 22:57:31	INFO	::casa	loaded config file : /home/jennifer/.local/lib/python3.10/site-packages/casaconfig/config.py
2025-02-18 22:57:31	INFO	::casa	
2025-02-18 22:57:31	INFO	::casa	config values
2025-02-18 22:57:31	INFO	::casa	    agg = False
2025-02-18 22:57:31	INFO	::casa	    cachedir = '/home/jennifer/.casa'
2025-02-18 22:57:31	INFO	::casa	    casaconfig_verbose = 1
2025-02-18 22:57:31	INFO	::casa	    colors = 'Neutral'
2025-02-18 22:57:31	INFO	::casa	    data_auto_update = True
2025-02-18 22:57:31	INFO	::casa	    datapath = ['/home/jennifer/.casa/data']
2025-02-18 22:57:31	INFO	::casa	    iplog = False
2025-02-18 22:57:31	INFO	::casa	    iplogfile = '/home/jennifer/Documentos/radio_analysis_uc1/ipython-20250218-225730.log'
2025-02-18 22:57:31	INFO	::casa	    log2term = False
2025-02-18 22:57:31	INFO	::casa	    logfile = '/home/jennifer/Documentos/radio_analysis_uc1/casa-20250218-225730.log'
2025-02-18 22:57:31	INFO	::casa	    measures_auto_update = True
2025-02-18 22:57:31	INFO	::casa	    measurespath = '/home/jennifer/.casa/data'
2025-02-18 22:57:31	INFO	::casa	    nogui = True
2025-02-18 22:57:31	INFO	::casa	    nologfile = False
2025-02-18 22:57:31	INFO	::casa	    nologger = True
2025-02-18 22:57:31	INFO	::casa	    pipeline = False
2025-02-18 22:57:31	INFO	::casa	    startupfile = '/home/jennifer/.casa/startup.py'
2025-02-18 22:57:31	INFO	::casa	    user_site = False
2025-02-18 22:57:31	INFO	::casa	
2025-02-18 22:57:31	INFO	::casa	casarundata version : casarundata-2025.01.22-1.tar.gz
2025-02-18 22:57:31	INFO	::casa	measures version : WSRT_Measures_20250218-160001.ztar
2025-02-18 22:57:31	INFO	::casa	
2025-02-18 22:57:31	INFO	::casa	Checking Measures tables in data repository sub-directory /home/jennifer/.casa/data/geodetic
2025-02-18 22:57:31	INFO	::casa	  IERSeop2000 (version date, last date in table (UTC)): 2025/01/18/15:15, 2024/12/19/00:00:00
2025-02-18 22:57:31	INFO	::casa	  IERSeop97 (version date, last date in table (UTC)): 2025/01/18/15:15, 2024/12/19/00:00:00
2025-02-18 22:57:31	INFO	::casa	  IERSpredict (version date, last date in table (UTC)): 2025/02/18/15:15, 2025/05/19/00:00:00
2025-02-18 22:57:31	INFO	::casa	  TAI_UTC (version date, last date in table (UTC)): 2025/02/04/15:15, 2017/01/01/00:00:00
2025-02-18 22:57:31	INFO	importfits::::casa	##########################################
2025-02-18 22:57:31	INFO	importfits::::casa	##### Begin Task: importfits         #####
2025-02-18 22:57:31	INFO	importfits::::casa	importfits( fitsimage='/home/jennifer/casa/M17_P2019/ALMA01480118_m0_nomask.fits', imagename='imagen_casa.im', whichrep=0, whichhdu=-1, zeroblanks=True, overwrite=True, defaultaxes=False, defaultaxesvalues=[], beam=[] )
2025-02-18 22:57:31	INFO	importfits::::ImageFITSConverter	Processing HDU 0
2025-02-18 22:57:31	INFO	importfits::ImageFITSConverterImpl::FITSToImage 	Created image of shape [472, 392, 1, 1]
2025-02-18 22:57:31	INFO	importfits::ImageFITSConverterImpl::FITSToImage 	Copy FITS file to '/home/jennifer/Documentos/radio_analysis_uc1/imagen_casa.im' All pixels fit in memory (185024 pixels).
2025-02-18 22:57:31	INFO	importfits::ImageFITSConverterImpl::FITSToImage 	Storing mask with name 'mask0'
2025-02-18 22:57:31	INFO	importfits::::casa	Task importfits complete. Start time: 2025-02-18 16:57:31.052898 End time: 2025-02-18 16:57:31.078453
2025-02-18 22:57:31	INFO	importfits::::casa	##### End Task: importfits           #####
2025-02-18 22:57:31	INFO	importfits::::casa	##########################################
2025-02-18 22:57:31	INFO	immath::::casa	##########################################
2025-02-18 22:57:31	INFO	immath::::casa	##### Begin Task: immath             #####
2025-02-18 22:57:31	INFO	immath::::casa	immath( imagename='imagen_casa.im', mode='evalexpr', outfile='contornos.im', expr='iif(imagen_casa.im > -0.007918, 1, 0) + iif(imagen_casa.im > 0.023753999999999997, 1, 0) + iif(imagen_casa.im > 0.03959, 1, 0) + iif(imagen_casa.im > 0.07918, 1, 0) + iif(imagen_casa.im > 0.15836, 1, 0) + iif(imagen_casa.im > 0.3959, 1, 0) + iif(imagen_casa.im > 0.7918, 1, 0) + iif(imagen_casa.im > 1.5836, 1, 0)', varnames='', sigma='0.0mJy/beam', polithresh='', mask='', region='', box='', chans='', stokes='', stretch=False, imagemd='', prec='float' )
2025-02-18 22:57:31	INFO	ImageExprCalculator::_imagecalc	Creating image `contornos.im' of shape [472, 392, 1, 1]
2025-02-18 22:57:31	INFO	ImageMaskAttacher::makeMask	Created mask `mask0'
2025-02-18 22:57:31	INFO	immath::::casa	Task immath complete. Start time: 2025-02-18 16:57:31.083385 End time: 2025-02-18 16:57:31.121137
2025-02-18 22:57:31	INFO	immath::::casa	##### End Task: immath               #####
2025-02-18 22:57:31	INFO	immath::::casa	##########################################
2025-02-18 22:57:31	INFO	exportfits::::casa	##########################################
2025-02-18 22:57:31	INFO	exportfits::::casa	##### Begin Task: exportfits         #####
2025-02-18 22:57:31	INFO	exportfits::::casa	exportfits( imagename='contornos.im', fitsimage='ALMA01480118__m0_contours.fits', velocity=False, optical=False, bitpix=-32, minpix=0, maxpix=-1, overwrite=True, dropstokes=False, stokeslast=True, history=True, dropdeg=False )
2025-02-18 22:57:31	INFO	exportfits::ImageFactory::toFITS	Applying mask of name 'mask0'
2025-02-18 22:57:31	INFO	exportfits::::casa	Task exportfits complete. Start time: 2025-02-18 16:57:31.123647 End time: 2025-02-18 16:57:31.127697
2025-02-18 22:57:31	INFO	exportfits::::casa	##### End Task: exportfits           #####
2025-02-18 22:57:31	INFO	exportfits::::casa	##########################################
