2025-02-20 22:19:25	INFO	::casa	
2025-02-20 22:19:25	INFO	::casa	data_update: version installed or checked less than 1 day ago, nothing updated or checked
2025-02-20 22:19:25	INFO	::casa	measures_update: version installed or checked less than 1 day ago, nothing updated or checked
2025-02-20 22:19:25	INFO	::casa	
2025-02-20 22:19:25	INFO	::casa	
2025-02-20 22:19:25	INFO	::casa	
2025-02-20 22:19:25	INFO	::casa	
2025-02-20 22:19:26	INFO	::casa	Python version 3.10.12
2025-02-20 22:19:26	INFO	::casa	CASA Version CASALITH 6.6.5.31
2025-02-20 22:19:26	INFO	::casa	optional configuration file not found, continuing CASA startup without it
2025-02-20 22:19:26	INFO	::casa	loaded config file : /home/jennifer/.local/lib/python3.10/site-packages/casaconfig/config.py
2025-02-20 22:19:26	INFO	::casa	
2025-02-20 22:19:26	INFO	::casa	config values
2025-02-20 22:19:26	INFO	::casa	    agg = False
2025-02-20 22:19:26	INFO	::casa	    cachedir = '/home/jennifer/.casa'
2025-02-20 22:19:26	INFO	::casa	    casaconfig_verbose = 1
2025-02-20 22:19:26	INFO	::casa	    colors = 'Neutral'
2025-02-20 22:19:26	INFO	::casa	    data_auto_update = True
2025-02-20 22:19:26	INFO	::casa	    datapath = ['/home/jennifer/.casa/data']
2025-02-20 22:19:26	INFO	::casa	    iplog = False
2025-02-20 22:19:26	INFO	::casa	    iplogfile = '/home/jennifer/Documentos/radio_analysis_uc1/ipython-20250220-221924.log'
2025-02-20 22:19:26	INFO	::casa	    log2term = False
2025-02-20 22:19:26	INFO	::casa	    logfile = '/home/jennifer/Documentos/radio_analysis_uc1/casa-20250220-221924.log'
2025-02-20 22:19:26	INFO	::casa	    measures_auto_update = True
2025-02-20 22:19:26	INFO	::casa	    measurespath = '/home/jennifer/.casa/data'
2025-02-20 22:19:26	INFO	::casa	    nogui = True
2025-02-20 22:19:26	INFO	::casa	    nologfile = False
2025-02-20 22:19:26	INFO	::casa	    nologger = True
2025-02-20 22:19:26	INFO	::casa	    pipeline = False
2025-02-20 22:19:26	INFO	::casa	    startupfile = '/home/jennifer/.casa/startup.py'
2025-02-20 22:19:26	INFO	::casa	    user_site = False
2025-02-20 22:19:26	INFO	::casa	
2025-02-20 22:19:26	INFO	::casa	casarundata version : casarundata-2025.01.22-1.tar.gz
2025-02-20 22:19:26	INFO	::casa	measures version : WSRT_Measures_20250220-160001.ztar
2025-02-20 22:19:26	INFO	::casa	
2025-02-20 22:19:26	INFO	::casa	Checking Measures tables in data repository sub-directory /home/jennifer/.casa/data/geodetic
2025-02-20 22:19:26	INFO	::casa	  IERSeop2000 (version date, last date in table (UTC)): 2025/01/18/15:15, 2024/12/19/00:00:00
2025-02-20 22:19:26	INFO	::casa	  IERSeop97 (version date, last date in table (UTC)): 2025/01/18/15:15, 2024/12/19/00:00:00
2025-02-20 22:19:26	INFO	::casa	  IERSpredict (version date, last date in table (UTC)): 2025/02/20/15:15, 2025/05/21/00:00:00
2025-02-20 22:19:26	INFO	::casa	  TAI_UTC (version date, last date in table (UTC)): 2025/02/04/15:15, 2017/01/01/00:00:00
2025-02-20 22:19:26	INFO	importfits::::casa	##########################################
2025-02-20 22:19:26	INFO	importfits::::casa	##### Begin Task: importfits         #####
2025-02-20 22:19:26	INFO	importfits::::casa	importfits( fitsimage='/home/jennifer/casa/M17_SW/ALMA01480118_momento0_BM.fits', imagename='imagen_casa.im', whichrep=0, whichhdu=-1, zeroblanks=True, overwrite=True, defaultaxes=False, defaultaxesvalues=[], beam=[] )
2025-02-20 22:19:26	INFO	importfits::::ImageFITSConverter	Processing HDU 0
2025-02-20 22:19:26	INFO	importfits::FITSCoordinateUtil::fromFITSHeader	The WCS for this image contains 2 degenerate axes.
2025-02-20 22:19:26	INFO	importfits::FITSCoordinateUtil::fromFITSHeader	passing empty or nonexistant spectral Coordinate axis
2025-02-20 22:19:26	INFO	importfits::ImageFITSConverterImpl::FITSToImage 	Image dimension appears to be less than number of pixel axes in CoordinateSystem
2025-02-20 22:19:26	INFO	importfits::ImageFITSConverterImpl::FITSToImage +	Adding 2 degenerate trailing axes
2025-02-20 22:19:26	INFO	importfits::ImageFITSConverterImpl::FITSToImage 	Created image of shape [472, 392, 1, 1]
2025-02-20 22:19:26	INFO	importfits::ImageFITSConverterImpl::FITSToImage 	Copy FITS file to '/home/jennifer/Documentos/radio_analysis_uc1/imagen_casa.im' All pixels fit in memory (185024 pixels).
2025-02-20 22:19:26	INFO	importfits::::casa	Task importfits complete. Start time: 2025-02-20 16:19:25.700909 End time: 2025-02-20 16:19:25.726380
2025-02-20 22:19:26	INFO	importfits::::casa	##### End Task: importfits           #####
2025-02-20 22:19:26	INFO	importfits::::casa	##########################################
2025-02-20 22:19:26	INFO	immath::::casa	##########################################
2025-02-20 22:19:26	INFO	immath::::casa	##### Begin Task: immath             #####
2025-02-20 22:19:26	INFO	immath::::casa	immath( imagename='imagen_casa.im', mode='evalexpr', outfile='contornos.im', expr='iif(imagen_casa.im > 37992.35, 1, 0) + iif(imagen_casa.im > 75984.7, 1, 0) + iif(imagen_casa.im > 151969.4, 1, 0) + iif(imagen_casa.im > 227954.1, 1, 0) + iif(imagen_casa.im > 379923.5, 1, 0) + iif(imagen_casa.im > 759847.0, 1, 0)', varnames='', sigma='0.0mJy/beam', polithresh='', mask='', region='', box='', chans='', stokes='', stretch=False, imagemd='', prec='float' )
2025-02-20 22:19:26	INFO	ImageExprCalculator::_imagecalc	Creating image `contornos.im' of shape [472, 392, 1, 1]
2025-02-20 22:19:26	INFO	immath::::casa	Task immath complete. Start time: 2025-02-20 16:19:25.731548 End time: 2025-02-20 16:19:25.756982
2025-02-20 22:19:26	INFO	immath::::casa	##### End Task: immath               #####
2025-02-20 22:19:26	INFO	immath::::casa	##########################################
2025-02-20 22:19:26	INFO	exportfits::::casa	##########################################
2025-02-20 22:19:26	INFO	exportfits::::casa	##### Begin Task: exportfits         #####
2025-02-20 22:19:26	INFO	exportfits::::casa	exportfits( imagename='contornos.im', fitsimage='/home/jennifer/casa/M17_SW/ALMA01480118__m0_contours.fits', velocity=False, optical=False, bitpix=-32, minpix=0, maxpix=-1, overwrite=True, dropstokes=False, stokeslast=True, history=True, dropdeg=False )
2025-02-20 22:19:26	INFO	exportfits::::casa	Task exportfits complete. Start time: 2025-02-20 16:19:25.760342 End time: 2025-02-20 16:19:25.762759
2025-02-20 22:19:26	INFO	exportfits::::casa	##### End Task: exportfits           #####
2025-02-20 22:19:26	INFO	exportfits::::casa	##########################################
